<?xml version="1.0" encoding="UTF-8"?>
<testsuite name="com.bridgelabz.userregistrationtest.UserRegistrationTest" tests="1" skipped="0" failures="0" errors="0" timestamp="2021-03-19T11:08:59" hostname="DESKTOP-0QBG6NF" time="0.043">
  <properties/>
  <testcase name="givenFirstName_WhenFirstNameStartHaveMinThreeLetters_ShouldReturn_True()" classname="com.bridgelabz.userregistrationtest.UserRegistrationTest" time="0.043"/>
  <system-out><![CDATA[]]></system-out>
  <system-err><![CDATA[]]></system-err>
</testsuite>
